0 info it worked if it ends with ok
1 verbose cli [ '/usr/bin/nodejs',
1 verbose cli   '/usr/lib/node_modules/npm/bin/npm-cli.js',
1 verbose cli   'run-script',
1 verbose cli   'start' ]
2 info using npm@3.10.3
3 info using node@v6.4.0
4 verbose run-script [ 'prestart', 'start', 'poststart' ]
5 info lifecycle v1@1.0.0~prestart: v1@1.0.0
6 silly lifecycle v1@1.0.0~prestart: no script for prestart, continuing
7 info lifecycle v1@1.0.0~start: v1@1.0.0
8 verbose lifecycle v1@1.0.0~start: unsafe-perm in lifecycle true
9 verbose lifecycle v1@1.0.0~start: PATH: /usr/lib/node_modules/npm/bin/node-gyp-bin:/home/ermia/WebstormProjects/MysrtyHunt/node_modules/.bin:/usr/bin:/usr/local/sbin:/usr/local/bin:/usr/sbin:/usr/bin:/sbin:/bin:/usr/games:/usr/local/games:/snap/bin
10 verbose lifecycle v1@1.0.0~start: CWD: /home/ermia/WebstormProjects/MysrtyHunt
11 silly lifecycle v1@1.0.0~start: Args: [ '-c', 'mongod' ]
12 silly lifecycle v1@1.0.0~start: Returned: code: 100  signal: null
13 info lifecycle v1@1.0.0~start: Failed to exec start script
14 verbose stack Error: v1@1.0.0 start: `mongod`
14 verbose stack Exit status 100
14 verbose stack     at EventEmitter.<anonymous> (/usr/lib/node_modules/npm/lib/utils/lifecycle.js:242:16)
14 verbose stack     at emitTwo (events.js:106:13)
14 verbose stack     at EventEmitter.emit (events.js:191:7)
14 verbose stack     at ChildProcess.<anonymous> (/usr/lib/node_modules/npm/lib/utils/spawn.js:40:14)
14 verbose stack     at emitTwo (events.js:106:13)
14 verbose stack     at ChildProcess.emit (events.js:191:7)
14 verbose stack     at maybeClose (internal/child_process.js:852:16)
14 verbose stack     at Process.ChildProcess._handle.onexit (internal/child_process.js:215:5)
15 verbose pkgid v1@1.0.0
16 verbose cwd /home/ermia/WebstormProjects/MysrtyHunt
17 error Linux 4.4.0-34-generic
18 error argv "/usr/bin/nodejs" "/usr/lib/node_modules/npm/bin/npm-cli.js" "run-script" "start"
19 error node v6.4.0
20 error npm  v3.10.3
21 error code ELIFECYCLE
22 error v1@1.0.0 start: `mongod`
22 error Exit status 100
23 error Failed at the v1@1.0.0 start script 'mongod'.
23 error Make sure you have the latest version of node.js and npm installed.
23 error If you do, this is most likely a problem with the v1 package,
23 error not with npm itself.
23 error Tell the author that this fails on your system:
23 error     mongod
23 error You can get information on how to open an issue for this project with:
23 error     npm bugs v1
23 error Or if that isn't available, you can get their info via:
23 error     npm owner ls v1
23 error There is likely additional logging output above.
24 verbose exit [ 1, true ]
